2026-06-22 23:17:27:1727 info: Starting database migrations...
2026-06-22 23:17:27:1727 error: Database query error:
2026-06-22 23:18:33:1833 info: Starting database migrations...
2026-06-22 23:18:33:1833 error: Database query error:
2026-06-22 23:21:11:2111 info: Starting database migrations...
2026-06-22 23:21:11:2111 error: Database query error:
2026-06-23 00:29:38:2938 info: Starting database migrations...
2026-06-23 00:29:38:2938 info: ✓ Create customers table
2026-06-23 00:29:38:2938 info: ✓ Create users table
2026-06-23 00:29:38:2938 info: ✓ Create vehicles table
2026-06-23 00:29:38:2938 info: ✓ Create drivers table
2026-06-23 00:29:38:2938 info: ✓ Create trailers table
2026-06-23 00:29:38:2938 error: Database query error:
2026-06-23 00:34:18:3418 info: Starting database migrations...
2026-06-23 00:34:18:3418 info: ✓ Create customers table
2026-06-23 00:34:18:3418 info: ✓ Create users table
2026-06-23 00:34:18:3418 info: ✓ Create vehicles table
2026-06-23 00:34:18:3418 info: ✓ Create drivers table
2026-06-23 00:34:18:3418 info: ✓ Create trailers table
2026-06-23 00:34:18:3418 info: ✓ Create telematics_data table
2026-06-23 00:34:19:3419 info: ✓ Create telematics_data indexes
2026-06-23 00:34:19:3419 info: ✓ Create vehicle_assignments table
2026-06-23 00:34:19:3419 info: ✓ Create alerts table
2026-06-23 00:34:19:3419 info: ✓ Create alerts indexes
2026-06-23 00:34:19:3419 info: ✓ Enable Row Level Security
2026-06-23 00:34:38:3438 info: Starting database seeding...
2026-06-23 00:34:38:3438 info: ✓ Customer created: 1f973415-b738-40f7-9a6b-bcb56e37550a
2026-06-23 00:34:38:3438 info: ✓ Admin user created: admin@demo.com
2026-06-23 00:34:38:3438 info: ✓ Manager user created: manager@demo.com
2026-06-23 00:34:38:3438 info: ✓ Driver user created: driver@demo.com
2026-06-23 00:34:39:3439 info: ✓ Vehicle created: Volvo FH16 - Unit 001
2026-06-23 00:34:39:3439 info: ✓ Vehicle created: Scania R450 - Unit 002
2026-06-23 00:34:39:3439 info: ✓ Vehicle created: MAN TGX - Unit 003
2026-06-23 00:34:39:3439 info: ✓ Vehicle created: Mercedes Sprinter - Unit 004
2026-06-23 00:34:39:3439 info: ✓ Driver created: John Anderson
2026-06-23 00:34:39:3439 info: ✓ Driver created: Sarah Martinez
2026-06-23 00:34:39:3439 info: ✓ Driver created: Michael Thompson
2026-06-23 00:34:39:3439 info: ✓ Trailer created: Refrigerated Trailer 001
2026-06-23 00:34:39:3439 info: ✓ Trailer created: Box Trailer 002
2026-06-23 00:34:39:3439 info: ✓ Trailer created: Flatbed Trailer 003
2026-06-23 00:34:39:3439 info: ✓ Telematics data created for vehicle
2026-06-23 00:34:39:3439 info: ✓ Telematics data created for vehicle
2026-06-23 00:34:39:3439 info: ✓ Telematics data created for vehicle
2026-06-23 00:34:40:3440 info: ✓ Telematics data created for vehicle
2026-06-23 00:39:04:394 info: Initializing PostgreSQL database...
2026-06-23 00:39:04:394 info: Testing database connection...
2026-06-23 00:39:04:394 info: Database connected. Current time: Tue Jun 23 2026 00:39:04 GMT+0100 (British Summer Time)
2026-06-23 00:39:04:394 info: ✓ PostgreSQL connected
2026-06-23 00:39:04:394 info: Initializing Redis cache...
2026-06-23 00:39:04:394 error: Redis Client Error
2026-06-23 00:39:04:394 warn: Redis client reconnecting
2026-06-23 00:39:04:394 error: Redis Client Error
2026-06-23 00:39:04:394 warn: Redis client reconnecting
2026-06-23 00:39:04:394 error: Redis Client Error
2026-06-23 00:39:04:394 warn: Redis client reconnecting
2026-06-23 00:39:04:394 error: Redis Client Error
2026-06-23 00:39:04:394 warn: Redis client reconnecting
2026-06-23 00:39:04:394 error: Redis Client Error
2026-06-23 00:39:05:395 warn: Redis client reconnecting
2026-06-23 00:39:05:395 error: Redis Client Error
2026-06-23 00:39:05:395 warn: Redis client reconnecting
2026-06-23 00:39:05:395 error: Redis Client Error
2026-06-23 00:39:05:395 warn: Redis client reconnecting
2026-06-23 00:39:05:395 error: Redis Client Error
2026-06-23 00:39:06:396 warn: Redis client reconnecting
2026-06-23 00:39:06:396 error: Redis Client Error
2026-06-23 00:39:06:396 warn: Redis client reconnecting
2026-06-23 00:39:06:396 error: Redis Client Error
2026-06-23 00:39:06:396 warn: Redis client reconnecting
2026-06-23 00:39:06:396 error: Redis Client Error
2026-06-23 00:39:07:397 warn: Redis client reconnecting
2026-06-23 00:39:07:397 error: Max Redis reconnection attempts reached
2026-06-23 00:40:51:4051 info: Initializing PostgreSQL database...
2026-06-23 00:40:51:4051 info: Testing database connection...
2026-06-23 00:40:51:4051 info: Database connected. Current time: Tue Jun 23 2026 00:40:51 GMT+0100 (British Summer Time)
2026-06-23 00:40:51:4051 info: ✓ PostgreSQL connected
2026-06-23 00:40:51:4051 info: Initializing Redis cache...
2026-06-23 00:40:51:4051 error: Redis Client Error
2026-06-23 00:40:51:4051 warn: Redis client reconnecting
2026-06-23 00:40:51:4051 error: Redis Client Error
2026-06-23 00:40:51:4051 warn: Redis client reconnecting
2026-06-23 00:40:51:4051 error: Redis Client Error
2026-06-23 00:40:51:4051 warn: Redis client reconnecting
2026-06-23 00:40:51:4051 error: Redis Client Error
2026-06-23 00:40:51:4051 warn: Redis client reconnecting
2026-06-23 00:40:51:4051 error: Redis Client Error
2026-06-23 00:40:52:4052 warn: Redis client reconnecting
2026-06-23 00:40:52:4052 error: Redis Client Error
2026-06-23 00:40:52:4052 warn: Redis client reconnecting
2026-06-23 00:40:52:4052 error: Redis Client Error
2026-06-23 00:40:52:4052 warn: Redis client reconnecting
2026-06-23 00:40:52:4052 error: Redis Client Error
2026-06-23 00:40:53:4053 warn: Redis client reconnecting
2026-06-23 00:40:53:4053 error: Redis Client Error
2026-06-23 00:40:53:4053 warn: Redis client reconnecting
2026-06-23 00:40:53:4053 error: Redis Client Error
2026-06-23 00:40:53:4053 warn: Redis client reconnecting
2026-06-23 00:40:53:4053 error: Redis Client Error
2026-06-23 00:40:54:4054 warn: Redis client reconnecting
2026-06-23 00:40:54:4054 error: Max Redis reconnection attempts reached
2026-06-23 00:41:53:4153 info: Initializing PostgreSQL database...
2026-06-23 00:41:53:4153 info: Testing database connection...
2026-06-23 00:41:53:4153 info: Database connected. Current time: Tue Jun 23 2026 00:41:53 GMT+0100 (British Summer Time)
2026-06-23 00:41:53:4153 info: ✓ PostgreSQL connected
2026-06-23 00:41:53:4153 info: Initializing Redis cache...
2026-06-23 00:41:53:4153 warn: Redis not available (optional in development):
2026-06-23 00:41:53:4153 warn: ⚠ Redis unavailable - caching disabled (development mode)
2026-06-23 00:41:53:4153 info: ✓ Redis connected
2026-06-23 00:41:53:4153 info: ✓ Server running on port 5000
2026-06-23 00:41:53:4153 info: ✓ Environment: development
2026-06-23 00:41:53:4153 info: ✓ API Documentation: http://localhost:5000/api/docs
2026-06-23 00:41:53:4153 info: ✓ Health Check: http://localhost:5000/health
2026-06-23 00:41:53:4153 info: Server started successfully!
2026-06-23 00:42:18:4218 info: ::1 - - [22/Jun/2026:23:42:18 +0000] "GET /health HTTP/1.1" 200 101 "-" "Mozilla/5.0 (Windows NT 10.0; Win64; x64) AppleWebKit/537.36 (KHTML, like Gecko) Chrome/149.0.0.0 Safari/537.36 Edg/149.0.0.0"
2026-06-23 00:42:18:4218 info: ::1 - - [22/Jun/2026:23:42:18 +0000] "GET /favicon.ico HTTP/1.1" 404 91 "-" "Mozilla/5.0 (Windows NT 10.0; Win64; x64) AppleWebKit/537.36 (KHTML, like Gecko) Chrome/149.0.0.0 Safari/537.36 Edg/149.0.0.0"
2026-06-28 21:44:26:4426 info: Initializing PostgreSQL database...
2026-06-28 21:44:26:4426 error: Failed to connect to database:
2026-06-28 21:45:47:4547 info: Initializing PostgreSQL database...
2026-06-28 21:45:47:4547 error: Failed to connect to database:
2026-06-28 21:47:01:471 info: Initializing PostgreSQL database...
2026-06-28 21:47:01:471 error: Failed to connect to database:
2026-06-28 21:48:04:484 info: Initializing PostgreSQL database...
2026-06-28 21:48:04:484 error: Failed to connect to database:
2026-06-28 21:49:18:4918 info: Initializing PostgreSQL database...
2026-06-28 21:49:18:4918 error: Failed to connect to database:
2026-06-28 21:49:45:4945 info: Initializing PostgreSQL database...
2026-06-28 21:49:45:4945 error: Failed to connect to database:
2026-06-28 21:52:44:5244 info: Initializing PostgreSQL database...
2026-06-28 21:52:44:5244 error: Failed to connect to database:
2026-06-28 21:53:14:5314 info: Initializing PostgreSQL database...
2026-06-28 21:53:14:5314 error: Failed to connect to database:
2026-06-28 21:54:47:5447 info: Initializing PostgreSQL database...
2026-06-28 21:54:47:5447 info: Attempting to connect to database...
2026-06-28 21:56:01:561 info: Initializing PostgreSQL database...
2026-06-28 21:56:01:561 info: Attempting to connect to database...
2026-06-28 21:56:01:561 error: Database connection failed:
2026-06-28 21:56:22:5622 info: Initializing PostgreSQL database...
2026-06-28 21:56:22:5622 info: Attempting to connect to database...
2026-06-28 21:56:22:5622 error: Database connection failed:
2026-06-28 21:56:54:5654 info: Initializing PostgreSQL database...
2026-06-28 21:56:54:5654 info: Attempting to connect to database...
2026-06-28 21:56:54:5654 error: Database connection failed:
2026-06-28 21:57:52:5752 info: Initializing PostgreSQL database...
2026-06-28 21:57:52:5752 info: Attempting to connect to database...
2026-06-28 21:57:52:5752 error: Database connection failed:
2026-06-28 21:58:56:5856 info: Initializing PostgreSQL database...
2026-06-28 21:58:56:5856 info: Attempting to connect to database...
2026-06-28 21:58:56:5856 error: Database connection failed:
2026-06-28 21:59:08:598 info: Initializing PostgreSQL database...
2026-06-28 21:59:08:598 info: Attempting to connect to database...
2026-06-28 21:59:08:598 error: Database connection failed:
2026-06-28 21:59:33:5933 info: Initializing PostgreSQL database...
2026-06-28 21:59:33:5933 info: Attempting to connect to database...
2026-06-28 21:59:33:5933 error: Database connection failed:
2026-06-28 22:00:14:014 info: Initializing PostgreSQL database...
2026-06-28 22:00:14:014 info: Attempting to connect to database...
2026-06-28 22:00:14:014 error: Database connection failed:
2026-06-28 22:01:54:154 info: Initializing PostgreSQL database...
2026-06-28 22:01:54:154 info: Attempting to connect to database...
2026-06-28 22:01:54:154 error: Database connection failed:
2026-06-28 22:03:42:342 info: Initializing PostgreSQL database...
2026-06-28 22:03:42:342 info: Attempting to connect to database...
2026-06-28 22:03:42:342 error: Database connection failed:
2026-06-28 22:04:30:430 info: Initializing PostgreSQL database...
2026-06-28 22:04:30:430 info: Attempting to connect to database...
2026-06-28 22:04:30:430 error: Database connection failed:
2026-06-28 22:04:58:458 info: Initializing PostgreSQL database...
2026-06-28 22:04:58:458 info: Attempting to connect to database...
2026-06-28 22:04:58:458 error: Database connection failed:
2026-06-28 22:05:54:554 info: Initializing PostgreSQL database...
2026-06-28 22:05:54:554 info: Attempting to connect to database...
2026-06-28 22:05:55:555 error: Database connection failed:
2026-06-28 22:07:11:711 info: Initializing PostgreSQL database...
2026-06-28 22:07:11:711 info: Attempting to connect to database...
2026-06-28 22:07:11:711 error: Database connection failed:
2026-06-28 22:07:37:737 info: Initializing PostgreSQL database...
2026-06-28 22:07:37:737 info: Attempting to connect to database...
2026-06-28 22:07:38:738 info: Database connected at Sun Jun 28 2026 22:07:37 GMT+0100 (British Summer Time)
2026-06-28 22:07:38:738 info: ✓ PostgreSQL connected
2026-06-28 22:07:38:738 info: Initializing Redis cache...
2026-06-28 22:07:38:738 warn: Redis not available (optional in development):
2026-06-28 22:07:38:738 warn: ⚠ Redis unavailable - caching disabled (development mode)
2026-06-28 22:07:38:738 info: ✓ Redis connected
2026-06-28 22:07:38:738 info: ✓ Server running on port 5000
2026-06-28 22:07:38:738 info: ✓ Environment: development
2026-06-28 22:07:38:738 info: ✓ API Documentation: http://localhost:5000/api/docs
2026-06-28 22:07:38:738 info: ✓ Health Check: http://localhost:5000/health
2026-06-28 22:07:38:738 info: Server started successfully!
2026-06-28 22:08:17:817 info: ::1 - - [28/Jun/2026:21:08:17 +0000] "GET /health HTTP/1.1" 200 102 "-" "Mozilla/5.0 (Windows NT 10.0; Win64; x64) AppleWebKit/537.36 (KHTML, like Gecko) Chrome/149.0.0.0 Safari/537.36 Edg/149.0.0.0"
2026-06-28 22:08:17:817 info: ::1 - - [28/Jun/2026:21:08:17 +0000] "GET /favicon.ico HTTP/1.1" 404 91 "-" "Mozilla/5.0 (Windows NT 10.0; Win64; x64) AppleWebKit/537.36 (KHTML, like Gecko) Chrome/149.0.0.0 Safari/537.36 Edg/149.0.0.0"
2026-06-28 22:08:27:827 info: ::1 - - [28/Jun/2026:21:08:27 +0000] "GET /api/docs HTTP/1.1" 200 327 "-" "Mozilla/5.0 (Windows NT 10.0; Win64; x64) AppleWebKit/537.36 (KHTML, like Gecko) Chrome/149.0.0.0 Safari/537.36 Edg/149.0.0.0"
2026-06-28 22:08:43:843 info: ::1 - - [28/Jun/2026:21:08:43 +0000] "GET /health HTTP/1.1" 200 102 "-" "Mozilla/5.0 (Windows NT 10.0; Win64; x64) AppleWebKit/537.36 (KHTML, like Gecko) Chrome/149.0.0.0 Safari/537.36 Edg/149.0.0.0"
2026-06-28 22:09:08:98 info: ::1 - - [28/Jun/2026:21:09:08 +0000] "GET /health HTTP/1.1" 200 102 "-" "curl/8.13.0"
2026-06-28 22:12:26:1226 info: Initializing PostgreSQL database...
2026-06-28 22:12:26:1226 info: Attempting to connect to database...
2026-06-28 22:12:26:1226 info: Database connected at Sun Jun 28 2026 22:12:25 GMT+0100 (British Summer Time)
2026-06-28 22:12:26:1226 info: ✓ PostgreSQL connected
2026-06-28 22:12:26:1226 info: Initializing Redis cache...
2026-06-28 22:12:26:1226 warn: Redis not available (optional in development):
2026-06-28 22:12:26:1226 warn: ⚠ Redis unavailable - caching disabled (development mode)
2026-06-28 22:12:26:1226 info: ✓ Redis connected
2026-06-28 22:12:26:1226 info: ✓ Server running on port 5000
2026-06-28 22:12:26:1226 info: ✓ Environment: development
2026-06-28 22:12:26:1226 info: ✓ API Documentation: http://localhost:5000/api/docs
2026-06-28 22:12:26:1226 info: ✓ Health Check: http://localhost:5000/health
2026-06-28 22:12:26:1226 info: Server started successfully!
2026-06-28 22:13:11:1311 info: Initializing PostgreSQL database...
2026-06-28 22:13:11:1311 info: Attempting to connect to database...
2026-06-28 22:13:11:1311 info: Database connected at Sun Jun 28 2026 22:13:11 GMT+0100 (British Summer Time)
2026-06-28 22:13:11:1311 info: ✓ PostgreSQL connected
2026-06-28 22:13:11:1311 info: Initializing Redis cache...
2026-06-28 22:13:11:1311 warn: Redis not available (optional in development):
2026-06-28 22:13:11:1311 warn: ⚠ Redis unavailable - caching disabled (development mode)
2026-06-28 22:13:11:1311 info: ✓ Redis connected
2026-06-28 22:13:11:1311 info: ✓ Server running on port 5000
2026-06-28 22:13:11:1311 info: ✓ Environment: development
2026-06-28 22:13:11:1311 info: ✓ API Documentation: http://localhost:5000/api/docs
2026-06-28 22:13:11:1311 info: ✓ Health Check: http://localhost:5000/health
2026-06-28 22:13:11:1311 info: Server started successfully!
2026-06-28 22:18:39:1839 info: Initializing PostgreSQL database...
2026-06-28 22:18:39:1839 info: Attempting to connect to database...
2026-06-28 22:18:39:1839 info: Database connected at Sun Jun 28 2026 22:18:38 GMT+0100 (British Summer Time)
2026-06-28 22:18:39:1839 info: ✓ PostgreSQL connected
2026-06-28 22:18:39:1839 info: Initializing Redis cache...
2026-06-28 22:18:39:1839 warn: Redis not available (optional in development):
2026-06-28 22:18:39:1839 warn: ⚠ Redis unavailable - caching disabled (development mode)
2026-06-28 22:18:39:1839 info: ✓ Redis connected
2026-06-28 22:18:39:1839 info: ✓ Server running on port 5000
2026-06-28 22:18:39:1839 info: ✓ Environment: development
2026-06-28 22:18:39:1839 info: ✓ API Documentation: http://localhost:5000/api/docs
2026-06-28 22:18:39:1839 info: ✓ Health Check: http://localhost:5000/health
2026-06-28 22:18:39:1839 info: Server started successfully!
2026-06-28 22:18:48:1848 info: Starting database migrations...
2026-06-28 22:18:48:1848 info: ✓ Create customers table
2026-06-28 22:18:48:1848 info: ✓ Create users table
2026-06-28 22:18:48:1848 info: ✓ Create vehicles table
2026-06-28 22:18:48:1848 info: ✓ Create drivers table
2026-06-28 22:18:48:1848 info: ✓ Create trailers table
2026-06-28 22:18:48:1848 info: ✓ Create telematics_data table
2026-06-28 22:18:48:1848 info: ✓ Create telematics_data indexes
2026-06-28 22:18:48:1848 info: ✓ Create vehicle_assignments table
2026-06-28 22:18:48:1848 info: ✓ Create alerts table
2026-06-28 22:18:48:1848 info: ✓ Create alerts indexes
2026-06-28 22:18:48:1848 info: ✓ Enable Row Level Security
2026-06-28 22:19:40:1940 info: Initializing PostgreSQL database...
2026-06-28 22:19:40:1940 info: Attempting to connect to database...
2026-06-28 22:19:40:1940 info: Database connected at Sun Jun 28 2026 22:19:39 GMT+0100 (British Summer Time)
2026-06-28 22:19:40:1940 info: ✓ PostgreSQL connected
2026-06-28 22:19:40:1940 info: Initializing Redis cache...
2026-06-28 22:19:40:1940 warn: Redis not available (optional in development):
2026-06-28 22:19:40:1940 warn: ⚠ Redis unavailable - caching disabled (development mode)
2026-06-28 22:19:40:1940 info: ✓ Redis connected
2026-06-28 22:19:40:1940 info: ✓ Server running on port 5000
2026-06-28 22:19:40:1940 info: ✓ Environment: development
2026-06-28 22:19:40:1940 info: ✓ API Documentation: http://localhost:5000/api/docs
2026-06-28 22:19:40:1940 info: ✓ Health Check: http://localhost:5000/health
2026-06-28 22:19:40:1940 info: Server started successfully!
2026-06-28 22:19:48:1948 info: Starting database seeding...
2026-06-28 22:19:48:1948 info: ✓ Customer created: 85cb4fe2-f648-4c88-bb6c-5ecbee7200e6
2026-06-28 22:19:48:1948 info: ✓ Admin user created: admin@demo.com
2026-06-28 22:19:48:1948 info: ✓ Manager user created: manager@demo.com
2026-06-28 22:19:48:1948 info: ✓ Driver user created: driver@demo.com
2026-06-28 22:19:48:1948 info: ✓ Vehicle created: Volvo FH16 - Unit 001
2026-06-28 22:19:48:1948 info: ✓ Vehicle created: Scania R450 - Unit 002
2026-06-28 22:19:48:1948 info: ✓ Vehicle created: MAN TGX - Unit 003
2026-06-28 22:19:48:1948 info: ✓ Vehicle created: Mercedes Sprinter - Unit 004
2026-06-28 22:19:48:1948 info: ✓ Driver created: John Anderson
2026-06-28 22:19:48:1948 info: ✓ Driver created: Sarah Martinez
2026-06-28 22:19:48:1948 info: ✓ Driver created: Michael Thompson
2026-06-28 22:19:48:1948 info: ✓ Trailer created: Refrigerated Trailer 001
2026-06-28 22:19:48:1948 info: ✓ Trailer created: Box Trailer 002
2026-06-28 22:19:48:1948 info: ✓ Trailer created: Flatbed Trailer 003
2026-06-28 22:19:48:1948 error: Seeding error:
2026-06-28 22:22:06:226 info: ::1 - - [28/Jun/2026:21:22:06 +0000] "POST /api/auth/login HTTP/1.1" 404 95 "-" "curl/8.13.0"
2026-06-28 22:25:38:2538 info: Initializing PostgreSQL database...
2026-06-28 22:25:38:2538 info: Attempting to connect to database...
2026-06-28 22:25:38:2538 info: Database connected at Sun Jun 28 2026 22:25:37 GMT+0100 (British Summer Time)
2026-06-28 22:25:38:2538 info: ✓ PostgreSQL connected
2026-06-28 22:25:38:2538 info: Initializing Redis cache...
2026-06-28 22:25:38:2538 warn: Redis not available (optional in development):
2026-06-28 22:25:38:2538 warn: ⚠ Redis unavailable - caching disabled (development mode)
2026-06-28 22:25:38:2538 info: ✓ Redis connected
2026-06-28 22:25:38:2538 info: ✓ Server running on port 5000
2026-06-28 22:25:38:2538 info: ✓ Environment: development
2026-06-28 22:25:38:2538 info: ✓ API Documentation: http://localhost:5000/api/docs
2026-06-28 22:25:38:2538 info: ✓ Health Check: http://localhost:5000/health
2026-06-28 22:25:38:2538 info: Server started successfully!
