2026-06-22 23:17:27:1727 error: Database query error:
2026-06-22 23:18:33:1833 error: Database query error:
2026-06-22 23:21:11:2111 error: Database query error:
2026-06-23 00:29:38:2938 error: Database query error:
2026-06-23 00:39:04:394 error: Redis Client Error
2026-06-23 00:39:04:394 error: Redis Client Error
2026-06-23 00:39:04:394 error: Redis Client Error
2026-06-23 00:39:04:394 error: Redis Client Error
2026-06-23 00:39:04:394 error: Redis Client Error
2026-06-23 00:39:05:395 error: Redis Client Error
2026-06-23 00:39:05:395 error: Redis Client Error
2026-06-23 00:39:05:395 error: Redis Client Error
2026-06-23 00:39:06:396 error: Redis Client Error
2026-06-23 00:39:06:396 error: Redis Client Error
2026-06-23 00:39:06:396 error: Redis Client Error
2026-06-23 00:39:07:397 error: Max Redis reconnection attempts reached
2026-06-23 00:40:51:4051 error: Redis Client Error
2026-06-23 00:40:51:4051 error: Redis Client Error
2026-06-23 00:40:51:4051 error: Redis Client Error
2026-06-23 00:40:51:4051 error: Redis Client Error
2026-06-23 00:40:51:4051 error: Redis Client Error
2026-06-23 00:40:52:4052 error: Redis Client Error
2026-06-23 00:40:52:4052 error: Redis Client Error
2026-06-23 00:40:52:4052 error: Redis Client Error
2026-06-23 00:40:53:4053 error: Redis Client Error
2026-06-23 00:40:53:4053 error: Redis Client Error
2026-06-23 00:40:53:4053 error: Redis Client Error
2026-06-23 00:40:54:4054 error: Max Redis reconnection attempts reached
2026-06-28 21:44:26:4426 error: Failed to connect to database:
2026-06-28 21:45:47:4547 error: Failed to connect to database:
2026-06-28 21:47:01:471 error: Failed to connect to database:
2026-06-28 21:48:04:484 error: Failed to connect to database:
2026-06-28 21:49:18:4918 error: Failed to connect to database:
2026-06-28 21:49:45:4945 error: Failed to connect to database:
2026-06-28 21:52:44:5244 error: Failed to connect to database:
2026-06-28 21:53:14:5314 error: Failed to connect to database:
2026-06-28 21:54:47:5447 error: Database connection failed:
2026-06-28 21:56:01:561 error: Database connection failed:
2026-06-28 21:56:22:5622 error: Database connection failed:
2026-06-28 21:56:54:5654 error: Database connection failed:
2026-06-28 21:57:52:5752 error: Database connection failed:
2026-06-28 21:58:56:5856 error: Database connection failed:
2026-06-28 21:59:08:598 error: Database connection failed:
2026-06-28 21:59:33:5933 error: Database connection failed:
2026-06-28 22:00:14:014 error: Database connection failed:
2026-06-28 22:01:54:154 error: Database connection failed:
2026-06-28 22:03:42:342 error: Database connection failed:
2026-06-28 22:04:30:430 error: Database connection failed:
2026-06-28 22:04:58:458 error: Database connection failed:
2026-06-28 22:05:55:555 error: Database connection failed:
2026-06-28 22:07:11:711 error: Database connection failed:
2026-06-28 22:19:48:1948 error: Seeding error:
